<?xml version="1.0" encoding="UTF-8"?>
<testsuite xmlns:xsi="http://www.w3.org/2001/XMLSchema-instance" xsi:noNamespaceSchemaLocation="https://maven.apache.org/surefire/maven-surefire-plugin/xsd/surefire-test-report-3.0.xsd" version="3.0" name="hellocucumber.RunCucumberTest" time="0.528" tests="53" errors="0" skipped="0" failures="0">
  <properties>
[...]
</properties>
  <testcase name="Open a closed microwave" classname="Closed full microwave" time="0.084">
    <system-out><![CDATA[
Scenario: Open a closed microwave &amp#27;[90m# hellocucumber/ClosedWithItem.feature:4&amp#27;[0m
  &amp#27;[32mGiven &amp#27;[0m&amp#27;[32mclosed full microwave&amp#27;[0m     &amp#27;[90m# hellocucumber.StepDefinitions.closedFull()&amp#27;[0m
  &amp#27;[32mWhen &amp#27;[0m&amp#27;[32mopen the door&amp#27;[0m              &amp#27;[90m# hellocucumber.StepDefinitions.openDoor()&amp#27;[0m
  &amp#27;[32mThen &amp#27;[0m&amp#27;[32mdoor opens&amp#27;[0m                 &amp#27;[90m# hellocucumber.StepDefinitions.doorOpens()&amp#27;[0m
  &amp#27;[32mAnd &amp#27;[0m&amp#27;[32mlight turns on&amp#27;[0m              &amp#27;[90m# hellocucumber.StepDefinitions.lightOn()&amp#27;[0m
  &amp#27;[32mAnd &amp#27;[0m&amp#27;[32mheating off&amp#27;[0m                 &amp#27;[90m# hellocucumber.StepDefinitions.heatingOff()&amp#27;[0m
  &amp#27;[32mAnd &amp#27;[0m&amp#27;[32mturnable not turns&amp#27;[0m          &amp#27;[90m# hellocucumber.StepDefinitions.turnableNT()&amp#27;[0m
]]></system-out>
  </testcase>
  <testcase name="Reset power" classname="Closed full microwave" time="0.016">
    <system-out><![CDATA[
Scenario: Reset power         &amp#27;[90m# hellocucumber/ClosedWithItem.feature:12&amp#27;[0m
  &amp#27;[32mGiven &amp#27;[0m&amp#27;[32mclosed full microwave&amp#27;[0m &amp#27;[90m# hellocucumber.StepDefinitions.closedFull()&amp#27;[0m
  &amp#27;[32mWhen &amp#27;[0m&amp#27;[32mreset power&amp#27;[0m            &amp#27;[90m# hellocucumber.StepDefinitions.resetPower()&amp#27;[0m
  &amp#27;[32mThen &amp#27;[0m&amp#27;[32mpower is zero&amp#27;[0m          &amp#27;[90m# hellocucumber.StepDefinitions.powerZero()&amp#27;[0m
]]></system-out>
  </testcase>
  <testcase name="Reset timer" classname="Closed full microwave" time="0.007">
    <system-out><![CDATA[
Scenario: Reset timer         &amp#27;[90m# hellocucumber/ClosedWithItem.feature:17&amp#27;[0m
  &amp#27;[32mGiven &amp#27;[0m&amp#27;[32mclosed full microwave&amp#27;[0m &amp#27;[90m# hellocucumber.StepDefinitions.closedFull()&amp#27;[0m
  &amp#27;[32mWhen &amp#27;[0m&amp#27;[32mreset timer&amp#27;[0m            &amp#27;[90m# hellocucumber.StepDefinitions.resetTimer()&amp#27;[0m
  &amp#27;[32mThen &amp#27;[0m&amp#27;[32mtimer is zero&amp#27;[0m          &amp#27;[90m# hellocucumber.StepDefinitions.timerZero()&amp#27;[0m
]]></system-out>
  </testcase>
  <testcase name="Try to cook" classname="Closed full microwave" time="0.016">
    <system-out><![CDATA[
Scenario: Try to cook           &amp#27;[90m# hellocucumber/ClosedWithItem.feature:22&amp#27;[0m
  &amp#27;[32mGiven &amp#27;[0m&amp#27;[32mclosed full microwave&amp#27;[0m   &amp#27;[90m# hellocucumber.StepDefinitions.closedFull()&amp#27;[0m
  &amp#27;[32mWhen &amp#27;[0m&amp#27;[32mset the power to &amp#27;[0m&amp#27;[32m&amp#27;[1m5&amp#27;[0m       &amp#27;[90m# hellocucumber.StepDefinitions.setPower(java.lang.Integer)&amp#27;[0m
  &amp#27;[32mAnd &amp#27;[0m&amp#27;[32mset the timer to &amp#27;[0m&amp#27;[32m&amp#27;[1m5&amp#27;[0m        &amp#27;[90m# hellocucumber.StepDefinitions.setTimer(java.lang.Integer)&amp#27;[0m
  &amp#27;[32mAnd &amp#27;[0m&amp#27;[32mstart cooking&amp#27;[0m             &amp#27;[90m# hellocucumber.StepDefinitions.startCooking()&amp#27;[0m
  &amp#27;[32mThen &amp#27;[0m&amp#27;[32mmicrowave starts cooking&amp#27;[0m &amp#27;[90m# hellocucumber.StepDefinitions.StartCooking()&amp#27;[0m
]]></system-out>
  </testcase>
  <testcase name="Example #1" classname="Examples" time="0.006">
    <system-out><![CDATA[
Scenario Outline: Set the timer &amp#27;[90m# hellocucumber/ClosedWithItem.feature:36&amp#27;[0m
  &amp#27;[32mGiven &amp#27;[0m&amp#27;[32mclosed full microwave&amp#27;[0m   &amp#27;[90m# hellocucumber.StepDefinitions.closedFull()&amp#27;[0m
  &amp#27;[32mWhen &amp#27;[0m&amp#27;[32mset the timer to &amp#27;[0m&amp#27;[32m&amp#27;[1m-5&amp#27;[0m      &amp#27;[90m# hellocucumber.StepDefinitions.setTimer(java.lang.Integer)&amp#27;[0m
  &amp#27;[32mThen &amp#27;[0m&amp#27;[32mdisplay shows &amp#27;[0m&amp#27;[32m&amp#27;[1m"0"&amp#27;[0m        &amp#27;[90m# hellocucumber.StepDefinitions.displayShows(java.lang.String)&amp#27;[0m
]]></system-out>
  </testcase>
  <testcase name="Example #1" classname="Examples" time="0.007">
    <system-out><![CDATA[
Scenario Outline: Set the power &amp#27;[90m# hellocucumber/ClosedWithItem.feature:47&amp#27;[0m
  &amp#27;[32mGiven &amp#27;[0m&amp#27;[32mclosed full microwave&amp#27;[0m   &amp#27;[90m# hellocucumber.StepDefinitions.closedFull()&amp#27;[0m
  &amp#27;[32mWhen &amp#27;[0m&amp#27;[32mset the power to &amp#27;[0m&amp#27;[32m&amp#27;[1m-5&amp#27;[0m      &amp#27;[90m# hellocucumber.StepDefinitions.setPower(java.lang.Integer)&amp#27;[0m
  &amp#27;[32mThen &amp#27;[0m&amp#27;[32mdisplay shows &amp#27;[0m&amp#27;[32m&amp#27;[1m"0"&amp#27;[0m        &amp#27;[90m# hellocucumber.StepDefinitions.displayShows(java.lang.String)&amp#27;[0m
]]></system-out>
  </testcase>
  <testcase name="Example #1" classname="Examples" time="0.004">
    <system-out><![CDATA[
Scenario Outline: Set the timer &amp#27;[90m# hellocucumber/ClosedWithNoItem.feature:36&amp#27;[0m
  &amp#27;[32mGiven &amp#27;[0m&amp#27;[32mclosed empty microwave&amp#27;[0m  &amp#27;[90m# hellocucumber.StepDefinitions.closedEmpty()&amp#27;[0m
  &amp#27;[32mWhen &amp#27;[0m&amp#27;[32mset the timer to &amp#27;[0m&amp#27;[32m&amp#27;[1m-5&amp#27;[0m      &amp#27;[90m# hellocucumber.StepDefinitions.setTimer(java.lang.Integer)&amp#27;[0m
  &amp#27;[32mThen &amp#27;[0m&amp#27;[32mdisplay shows &amp#27;[0m&amp#27;[32m&amp#27;[1m"0"&amp#27;[0m        &amp#27;[90m# hellocucumber.StepDefinitions.displayShows(java.lang.String)&amp#27;[0m
]]></system-out>
  </testcase>
  <testcase name="Example #1" classname="Examples" time="0.004">
    <system-out><![CDATA[
Scenario Outline: Set the power &amp#27;[90m# hellocucumber/ClosedWithNoItem.feature:47&amp#27;[0m
  &amp#27;[32mGiven &amp#27;[0m&amp#27;[32mclosed empty microwave&amp#27;[0m  &amp#27;[90m# hellocucumber.StepDefinitions.closedEmpty()&amp#27;[0m
  &amp#27;[32mWhen &amp#27;[0m&amp#27;[32mset the power to &amp#27;[0m&amp#27;[32m&amp#27;[1m-5&amp#27;[0m      &amp#27;[90m# hellocucumber.StepDefinitions.setPower(java.lang.Integer)&amp#27;[0m
  &amp#27;[32mThen &amp#27;[0m&amp#27;[32mdisplay shows &amp#27;[0m&amp#27;[32m&amp#27;[1m"0"&amp#27;[0m        &amp#27;[90m# hellocucumber.StepDefinitions.displayShows(java.lang.String)&amp#27;[0m
]]></system-out>
  </testcase>
  <testcase name="Example #1" classname="Examples" time="0.004">
    <system-out><![CDATA[
Scenario Outline: Set timer   &amp#27;[90m# hellocucumber/OpenWithItem.feature:41&amp#27;[0m
  &amp#27;[32mGiven &amp#27;[0m&amp#27;[32mopened full microwave&amp#27;[0m &amp#27;[90m# hellocucumber.StepDefinitions.openedFull()&amp#27;[0m
  &amp#27;[32mWhen &amp#27;[0m&amp#27;[32mset the timer to &amp#27;[0m&amp#27;[32m&amp#27;[1m-5&amp#27;[0m    &amp#27;[90m# hellocucumber.StepDefinitions.setTimer(java.lang.Integer)&amp#27;[0m
  &amp#27;[32mThen &amp#27;[0m&amp#27;[32mdisplay shows &amp#27;[0m&amp#27;[32m&amp#27;[1m"0"&amp#27;[0m      &amp#27;[90m# hellocucumber.StepDefinitions.displayShows(java.lang.String)&amp#27;[0m
]]></system-out>
  </testcase>
  <testcase name="Example #1" classname="Examples" time="0.005">
    <system-out><![CDATA[
Scenario Outline: Set power   &amp#27;[90m# hellocucumber/OpenWithItem.feature:52&amp#27;[0m
  &amp#27;[32mGiven &amp#27;[0m&amp#27;[32mopened full microwave&amp#27;[0m &amp#27;[90m# hellocucumber.StepDefinitions.openedFull()&amp#27;[0m
  &amp#27;[32mWhen &amp#27;[0m&amp#27;[32mset the power to &amp#27;[0m&amp#27;[32m&amp#27;[1m-5&amp#27;[0m    &amp#27;[90m# hellocucumber.StepDefinitions.setPower(java.lang.Integer)&amp#27;[0m
  &amp#27;[32mThen &amp#27;[0m&amp#27;[32mdisplay shows &amp#27;[0m&amp#27;[32m&amp#27;[1m"0"&amp#27;[0m      &amp#27;[90m# hellocucumber.StepDefinitions.displayShows(java.lang.String)&amp#27;[0m
]]></system-out>
  </testcase>
  <testcase name="Example #1" classname="Examples" time="0.004">
    <system-out><![CDATA[
Scenario Outline: Set timer    &amp#27;[90m# hellocucumber/OpenWithNoItem.feature:41&amp#27;[0m
  &amp#27;[32mGiven &amp#27;[0m&amp#27;[32mopened empty microwave&amp#27;[0m &amp#27;[90m# hellocucumber.StepDefinitions.openedEmpty()&amp#27;[0m
  &amp#27;[32mWhen &amp#27;[0m&amp#27;[32mset the timer to &amp#27;[0m&amp#27;[32m&amp#27;[1m-5&amp#27;[0m     &amp#27;[90m# hellocucumber.StepDefinitions.setTimer(java.lang.Integer)&amp#27;[0m
  &amp#27;[32mThen &amp#27;[0m&amp#27;[32mdisplay shows &amp#27;[0m&amp#27;[32m&amp#27;[1m"0"&amp#27;[0m       &amp#27;[90m# hellocucumber.StepDefinitions.displayShows(java.lang.String)&amp#27;[0m
]]></system-out>
  </testcase>
  <testcase name="Example #1" classname="Examples" time="0.004">
    <system-out><![CDATA[
Scenario Outline: Set power    &amp#27;[90m# hellocucumber/OpenWithNoItem.feature:52&amp#27;[0m
  &amp#27;[32mGiven &amp#27;[0m&amp#27;[32mopened empty microwave&amp#27;[0m &amp#27;[90m# hellocucumber.StepDefinitions.openedEmpty()&amp#27;[0m
  &amp#27;[32mWhen &amp#27;[0m&amp#27;[32mset the power to &amp#27;[0m&amp#27;[32m&amp#27;[1m-5&amp#27;[0m     &amp#27;[90m# hellocucumber.StepDefinitions.setPower(java.lang.Integer)&amp#27;[0m
  &amp#27;[32mThen &amp#27;[0m&amp#27;[32mdisplay shows &amp#27;[0m&amp#27;[32m&amp#27;[1m"0"&amp#27;[0m       &amp#27;[90m# hellocucumber.StepDefinitions.displayShows(java.lang.String)&amp#27;[0m
]]></system-out>
  </testcase>
  <testcase name="Example #1" classname="Examples" time="0.011">
    <system-out><![CDATA[
Scenario Outline: cooking stop if timer finishes &amp#27;[90m# hellocucumber/cooking.feature:76&amp#27;[0m
  &amp#27;[32mGiven &amp#27;[0m&amp#27;[32mclosed full microwave&amp#27;[0m                    &amp#27;[90m# hellocucumber.StepDefinitions.closedFull()&amp#27;[0m
  &amp#27;[32mWhen &amp#27;[0m&amp#27;[32mset the power to &amp#27;[0m&amp#27;[32m&amp#27;[1m10&amp#27;[0m                       &amp#27;[90m# hellocucumber.StepDefinitions.setPower(java.lang.Integer)&amp#27;[0m
  &amp#27;[32mAnd &amp#27;[0m&amp#27;[32mset the timer to &amp#27;[0m&amp#27;[32m&amp#27;[1m5&amp#27;[0m                         &amp#27;[90m# hellocucumber.StepDefinitions.setTimer(java.lang.Integer)&amp#27;[0m
  &amp#27;[32mAnd &amp#27;[0m&amp#27;[32mstart cooking&amp#27;[0m                              &amp#27;[90m# hellocucumber.StepDefinitions.startCooking()&amp#27;[0m
  &amp#27;[32mAnd &amp#27;[0m&amp#27;[32mtimer goes down &amp#27;[0m&amp#27;[32m&amp#27;[1m5&amp#27;[0m&amp#27;[32m seconds&amp#27;[0m                  &amp#27;[90m# hellocucumber.StepDefinitions.timePasses(java.lang.Integer)&amp#27;[0m
  &amp#27;[32mThen &amp#27;[0m&amp#27;[32mmicrowave isnt cooking&amp#27;[0m                    &amp#27;[90m# hellocucumber.StepDefinitions.notCooking()&amp#27;[0m
  &amp#27;[32mAnd &amp#27;[0m&amp#27;[32mlight turns off&amp#27;[0m                            &amp#27;[90m# hellocucumber.StepDefinitions.lightOff()&amp#27;[0m
  &amp#27;[32mAnd &amp#27;[0m&amp#27;[32mturnable not turns&amp#27;[0m                         &amp#27;[90m# hellocucumber.StepDefinitions.turnableNT()&amp#27;[0m
  &amp#27;[32mAnd &amp#27;[0m&amp#27;[32mheating off&amp#27;[0m                                &amp#27;[90m# hellocucumber.StepDefinitions.heatingOff()&amp#27;[0m
  &amp#27;[32mAnd &amp#27;[0m&amp#27;[32mbeeper sounds &amp#27;[0m&amp#27;[32m&amp#27;[1m3&amp#27;[0m&amp#27;[32m times&amp#27;[0m                      &amp#27;[90m# hellocucumber.StepDefinitions.soundTimes(java.lang.Integer)&amp#27;[0m
  &amp#27;[32mAnd &amp#27;[0m&amp#27;[32mdisplay shows &amp#27;[0m&amp#27;[32m&amp#27;[1m"Listo"&amp#27;[0m                      &amp#27;[90m# hellocucumber.StepDefinitions.displayShows(java.lang.String)&amp#27;[0m
]]></system-out>
  </testcase>
  <testcase name="Example #2" classname="Examples" time="0.006">
    <system-out><![CDATA[
Scenario Outline: Set the timer &amp#27;[90m# hellocucumber/ClosedWithItem.feature:37&amp#27;[0m
  &amp#27;[32mGiven &amp#27;[0m&amp#27;[32mclosed full microwave&amp#27;[0m   &amp#27;[90m# hellocucumber.StepDefinitions.closedFull()&amp#27;[0m
  &amp#27;[32mWhen &amp#27;[0m&amp#27;[32mset the timer to &amp#27;[0m&amp#27;[32m&amp#27;[1m0&amp#27;[0m       &amp#27;[90m# hellocucumber.StepDefinitions.setTimer(java.lang.Integer)&amp#27;[0m
  &amp#27;[32mThen &amp#27;[0m&amp#27;[32mdisplay shows &amp#27;[0m&amp#27;[32m&amp#27;[1m"0"&amp#27;[0m        &amp#27;[90m# hellocucumber.StepDefinitions.displayShows(java.lang.String)&amp#27;[0m
]]></system-out>
  </testcase>
  <testcase name="Example #2" classname="Examples" time="0.006">
    <system-out><![CDATA[
Scenario Outline: Set the power &amp#27;[90m# hellocucumber/ClosedWithItem.feature:48&amp#27;[0m
  &amp#27;[32mGiven &amp#27;[0m&amp#27;[32mclosed full microwave&amp#27;[0m   &amp#27;[90m# hellocucumber.StepDefinitions.closedFull()&amp#27;[0m
  &amp#27;[32mWhen &amp#27;[0m&amp#27;[32mset the power to &amp#27;[0m&amp#27;[32m&amp#27;[1m0&amp#27;[0m       &amp#27;[90m# hellocucumber.StepDefinitions.setPower(java.lang.Integer)&amp#27;[0m
  &amp#27;[32mThen &amp#27;[0m&amp#27;[32mdisplay shows &amp#27;[0m&amp#27;[32m&amp#27;[1m"0"&amp#27;[0m        &amp#27;[90m# hellocucumber.StepDefinitions.displayShows(java.lang.String)&amp#27;[0m
]]></system-out>
  </testcase>
  <testcase name="Example #2" classname="Examples" time="0.005">
    <system-out><![CDATA[
Scenario Outline: Set the timer &amp#27;[90m# hellocucumber/ClosedWithNoItem.feature:37&amp#27;[0m
  &amp#27;[32mGiven &amp#27;[0m&amp#27;[32mclosed empty microwave&amp#27;[0m  &amp#27;[90m# hellocucumber.StepDefinitions.closedEmpty()&amp#27;[0m
  &amp#27;[32mWhen &amp#27;[0m&amp#27;[32mset the timer to &amp#27;[0m&amp#27;[32m&amp#27;[1m0&amp#27;[0m       &amp#27;[90m# hellocucumber.StepDefinitions.setTimer(java.lang.Integer)&amp#27;[0m
  &amp#27;[32mThen &amp#27;[0m&amp#27;[32mdisplay shows &amp#27;[0m&amp#27;[32m&amp#27;[1m"0"&amp#27;[0m        &amp#27;[90m# hellocucumber.StepDefinitions.displayShows(java.lang.String)&amp#27;[0m
]]></system-out>
  </testcase>
  <testcase name="Example #2" classname="Examples" time="0.004">
    <system-out><![CDATA[
Scenario Outline: Set the power &amp#27;[90m# hellocucumber/ClosedWithNoItem.feature:48&amp#27;[0m
  &amp#27;[32mGiven &amp#27;[0m&amp#27;[32mclosed empty microwave&amp#27;[0m  &amp#27;[90m# hellocucumber.StepDefinitions.closedEmpty()&amp#27;[0m
  &amp#27;[32mWhen &amp#27;[0m&amp#27;[32mset the power to &amp#27;[0m&amp#27;[32m&amp#27;[1m0&amp#27;[0m       &amp#27;[90m# hellocucumber.StepDefinitions.setPower(java.lang.Integer)&amp#27;[0m
  &amp#27;[32mThen &amp#27;[0m&amp#27;[32mdisplay shows &amp#27;[0m&amp#27;[32m&amp#27;[1m"0"&amp#27;[0m        &amp#27;[90m# hellocucumber.StepDefinitions.displayShows(java.lang.String)&amp#27;[0m
]]></system-out>
  </testcase>
  <testcase name="Example #2" classname="Examples" time="0.004">
    <system-out><![CDATA[
Scenario Outline: Set timer   &amp#27;[90m# hellocucumber/OpenWithItem.feature:42&amp#27;[0m
  &amp#27;[32mGiven &amp#27;[0m&amp#27;[32mopened full microwave&amp#27;[0m &amp#27;[90m# hellocucumber.StepDefinitions.openedFull()&amp#27;[0m
  &amp#27;[32mWhen &amp#27;[0m&amp#27;[32mset the timer to &amp#27;[0m&amp#27;[32m&amp#27;[1m0&amp#27;[0m     &amp#27;[90m# hellocucumber.StepDefinitions.setTimer(java.lang.Integer)&amp#27;[0m
  &amp#27;[32mThen &amp#27;[0m&amp#27;[32mdisplay shows &amp#27;[0m&amp#27;[32m&amp#27;[1m"0"&amp#27;[0m      &amp#27;[90m# hellocucumber.StepDefinitions.displayShows(java.lang.String)&amp#27;[0m
]]></system-out>
  </testcase>
  <testcase name="Example #2" classname="Examples" time="0.003">
    <system-out><![CDATA[
Scenario Outline: Set power   &amp#27;[90m# hellocucumber/OpenWithItem.feature:53&amp#27;[0m
  &amp#27;[32mGiven &amp#27;[0m&amp#27;[32mopened full microwave&amp#27;[0m &amp#27;[90m# hellocucumber.StepDefinitions.openedFull()&amp#27;[0m
  &amp#27;[32mWhen &amp#27;[0m&amp#27;[32mset the power to &amp#27;[0m&amp#27;[32m&amp#27;[1m0&amp#27;[0m     &amp#27;[90m# hellocucumber.StepDefinitions.setPower(java.lang.Integer)&amp#27;[0m
  &amp#27;[32mThen &amp#27;[0m&amp#27;[32mdisplay shows &amp#27;[0m&amp#27;[32m&amp#27;[1m"0"&amp#27;[0m      &amp#27;[90m# hellocucumber.StepDefinitions.displayShows(java.lang.String)&amp#27;[0m
]]></system-out>
  </testcase>
  <testcase name="Example #2" classname="Examples" time="0.003">
    <system-out><![CDATA[
Scenario Outline: Set timer    &amp#27;[90m# hellocucumber/OpenWithNoItem.feature:42&amp#27;[0m
  &amp#27;[32mGiven &amp#27;[0m&amp#27;[32mopened empty microwave&amp#27;[0m &amp#27;[90m# hellocucumber.StepDefinitions.openedEmpty()&amp#27;[0m
  &amp#27;[32mWhen &amp#27;[0m&amp#27;[32mset the timer to &amp#27;[0m&amp#27;[32m&amp#27;[1m0&amp#27;[0m      &amp#27;[90m# hellocucumber.StepDefinitions.setTimer(java.lang.Integer)&amp#27;[0m
  &amp#27;[32mThen &amp#27;[0m&amp#27;[32mdisplay shows &amp#27;[0m&amp#27;[32m&amp#27;[1m"0"&amp#27;[0m       &amp#27;[90m# hellocucumber.StepDefinitions.displayShows(java.lang.String)&amp#27;[0m
]]></system-out>
  </testcase>
  <testcase name="Example #2" classname="Examples" time="0.004">
    <system-out><![CDATA[
Scenario Outline: Set power    &amp#27;[90m# hellocucumber/OpenWithNoItem.feature:53&amp#27;[0m
  &amp#27;[32mGiven &amp#27;[0m&amp#27;[32mopened empty microwave&amp#27;[0m &amp#27;[90m# hellocucumber.StepDefinitions.openedEmpty()&amp#27;[0m
  &amp#27;[32mWhen &amp#27;[0m&amp#27;[32mset the power to &amp#27;[0m&amp#27;[32m&amp#27;[1m0&amp#27;[0m      &amp#27;[90m# hellocucumber.StepDefinitions.setPower(java.lang.Integer)&amp#27;[0m
  &amp#27;[32mThen &amp#27;[0m&amp#27;[32mdisplay shows &amp#27;[0m&amp#27;[32m&amp#27;[1m"0"&amp#27;[0m       &amp#27;[90m# hellocucumber.StepDefinitions.displayShows(java.lang.String)&amp#27;[0m
]]></system-out>
  </testcase>
  <testcase name="Example #2" classname="Examples" time="0.008">
    <system-out><![CDATA[
Scenario Outline: cooking stop if timer finishes &amp#27;[90m# hellocucumber/cooking.feature:77&amp#27;[0m
  &amp#27;[32mGiven &amp#27;[0m&amp#27;[32mclosed full microwave&amp#27;[0m                    &amp#27;[90m# hellocucumber.StepDefinitions.closedFull()&amp#27;[0m
  &amp#27;[32mWhen &amp#27;[0m&amp#27;[32mset the power to &amp#27;[0m&amp#27;[32m&amp#27;[1m10&amp#27;[0m                       &amp#27;[90m# hellocucumber.StepDefinitions.setPower(java.lang.Integer)&amp#27;[0m
  &amp#27;[32mAnd &amp#27;[0m&amp#27;[32mset the timer to &amp#27;[0m&amp#27;[32m&amp#27;[1m100&amp#27;[0m                       &amp#27;[90m# hellocucumber.StepDefinitions.setTimer(java.lang.Integer)&amp#27;[0m
  &amp#27;[32mAnd &amp#27;[0m&amp#27;[32mstart cooking&amp#27;[0m                              &amp#27;[90m# hellocucumber.StepDefinitions.startCooking()&amp#27;[0m
  &amp#27;[32mAnd &amp#27;[0m&amp#27;[32mtimer goes down &amp#27;[0m&amp#27;[32m&amp#27;[1m100&amp#27;[0m&amp#27;[32m seconds&amp#27;[0m                &amp#27;[90m# hellocucumber.StepDefinitions.timePasses(java.lang.Integer)&amp#27;[0m
  &amp#27;[32mThen &amp#27;[0m&amp#27;[32mmicrowave isnt cooking&amp#27;[0m                    &amp#27;[90m# hellocucumber.StepDefinitions.notCooking()&amp#27;[0m
  &amp#27;[32mAnd &amp#27;[0m&amp#27;[32mlight turns off&amp#27;[0m                            &amp#27;[90m# hellocucumber.StepDefinitions.lightOff()&amp#27;[0m
  &amp#27;[32mAnd &amp#27;[0m&amp#27;[32mturnable not turns&amp#27;[0m                         &amp#27;[90m# hellocucumber.StepDefinitions.turnableNT()&amp#27;[0m
  &amp#27;[32mAnd &amp#27;[0m&amp#27;[32mheating off&amp#27;[0m                                &amp#27;[90m# hellocucumber.StepDefinitions.heatingOff()&amp#27;[0m
  &amp#27;[32mAnd &amp#27;[0m&amp#27;[32mbeeper sounds &amp#27;[0m&amp#27;[32m&amp#27;[1m3&amp#27;[0m&amp#27;[32m times&amp#27;[0m                      &amp#27;[90m# hellocucumber.StepDefinitions.soundTimes(java.lang.Integer)&amp#27;[0m
  &amp#27;[32mAnd &amp#27;[0m&amp#27;[32mdisplay shows &amp#27;[0m&amp#27;[32m&amp#27;[1m"Listo"&amp#27;[0m                      &amp#27;[90m# hellocucumber.StepDefinitions.displayShows(java.lang.String)&amp#27;[0m
]]></system-out>
  </testcase>
  <testcase name="Example #3" classname="Examples" time="0.006">
    <system-out><![CDATA[
Scenario Outline: Set the timer &amp#27;[90m# hellocucumber/ClosedWithItem.feature:38&amp#27;[0m
  &amp#27;[32mGiven &amp#27;[0m&amp#27;[32mclosed full microwave&amp#27;[0m   &amp#27;[90m# hellocucumber.StepDefinitions.closedFull()&amp#27;[0m
  &amp#27;[32mWhen &amp#27;[0m&amp#27;[32mset the timer to &amp#27;[0m&amp#27;[32m&amp#27;[1m5&amp#27;[0m       &amp#27;[90m# hellocucumber.StepDefinitions.setTimer(java.lang.Integer)&amp#27;[0m
  &amp#27;[32mThen &amp#27;[0m&amp#27;[32mdisplay shows &amp#27;[0m&amp#27;[32m&amp#27;[1m"5"&amp#27;[0m        &amp#27;[90m# hellocucumber.StepDefinitions.displayShows(java.lang.String)&amp#27;[0m
]]></system-out>
  </testcase>
  <testcase name="Example #3" classname="Examples" time="0.006">
    <system-out><![CDATA[
Scenario Outline: Set the power &amp#27;[90m# hellocucumber/ClosedWithItem.feature:49&amp#27;[0m
  &amp#27;[32mGiven &amp#27;[0m&amp#27;[32mclosed full microwave&amp#27;[0m   &amp#27;[90m# hellocucumber.StepDefinitions.closedFull()&amp#27;[0m
  &amp#27;[32mWhen &amp#27;[0m&amp#27;[32mset the power to &amp#27;[0m&amp#27;[32m&amp#27;[1m5&amp#27;[0m       &amp#27;[90m# hellocucumber.StepDefinitions.setPower(java.lang.Integer)&amp#27;[0m
  &amp#27;[32mThen &amp#27;[0m&amp#27;[32mdisplay shows &amp#27;[0m&amp#27;[32m&amp#27;[1m"5"&amp#27;[0m        &amp#27;[90m# hellocucumber.StepDefinitions.displayShows(java.lang.String)&amp#27;[0m
]]></system-out>
  </testcase>
  <testcase name="Example #3" classname="Examples" time="0.004">
    <system-out><![CDATA[
Scenario Outline: Set the timer &amp#27;[90m# hellocucumber/ClosedWithNoItem.feature:38&amp#27;[0m
  &amp#27;[32mGiven &amp#27;[0m&amp#27;[32mclosed empty microwave&amp#27;[0m  &amp#27;[90m# hellocucumber.StepDefinitions.closedEmpty()&amp#27;[0m
  &amp#27;[32mWhen &amp#27;[0m&amp#27;[32mset the timer to &amp#27;[0m&amp#27;[32m&amp#27;[1m5&amp#27;[0m       &amp#27;[90m# hellocucumber.StepDefinitions.setTimer(java.lang.Integer)&amp#27;[0m
  &amp#27;[32mThen &amp#27;[0m&amp#27;[32mdisplay shows &amp#27;[0m&amp#27;[32m&amp#27;[1m"5"&amp#27;[0m        &amp#27;[90m# hellocucumber.StepDefinitions.displayShows(java.lang.String)&amp#27;[0m
]]></system-out>
  </testcase>
  <testcase name="Example #3" classname="Examples" time="0.005">
    <system-out><![CDATA[
Scenario Outline: Set the power &amp#27;[90m# hellocucumber/ClosedWithNoItem.feature:49&amp#27;[0m
  &amp#27;[32mGiven &amp#27;[0m&amp#27;[32mclosed empty microwave&amp#27;[0m  &amp#27;[90m# hellocucumber.StepDefinitions.closedEmpty()&amp#27;[0m
  &amp#27;[32mWhen &amp#27;[0m&amp#27;[32mset the power to &amp#27;[0m&amp#27;[32m&amp#27;[1m5&amp#27;[0m       &amp#27;[90m# hellocucumber.StepDefinitions.setPower(java.lang.Integer)&amp#27;[0m
  &amp#27;[32mThen &amp#27;[0m&amp#27;[32mdisplay shows &amp#27;[0m&amp#27;[32m&amp#27;[1m"5"&amp#27;[0m        &amp#27;[90m# hellocucumber.StepDefinitions.displayShows(java.lang.String)&amp#27;[0m
]]></system-out>
  </testcase>
  <testcase name="Example #3" classname="Examples" time="0.005">
    <system-out><![CDATA[
Scenario Outline: Set timer   &amp#27;[90m# hellocucumber/OpenWithItem.feature:43&amp#27;[0m
  &amp#27;[32mGiven &amp#27;[0m&amp#27;[32mopened full microwave&amp#27;[0m &amp#27;[90m# hellocucumber.StepDefinitions.openedFull()&amp#27;[0m
  &amp#27;[32mWhen &amp#27;[0m&amp#27;[32mset the timer to &amp#27;[0m&amp#27;[32m&amp#27;[1m5&amp#27;[0m     &amp#27;[90m# hellocucumber.StepDefinitions.setTimer(java.lang.Integer)&amp#27;[0m
  &amp#27;[32mThen &amp#27;[0m&amp#27;[32mdisplay shows &amp#27;[0m&amp#27;[32m&amp#27;[1m"5"&amp#27;[0m      &amp#27;[90m# hellocucumber.StepDefinitions.displayShows(java.lang.String)&amp#27;[0m
]]></system-out>
  </testcase>
  <testcase name="Example #3" classname="Examples" time="0.003">
    <system-out><![CDATA[
Scenario Outline: Set power   &amp#27;[90m# hellocucumber/OpenWithItem.feature:54&amp#27;[0m
  &amp#27;[32mGiven &amp#27;[0m&amp#27;[32mopened full microwave&amp#27;[0m &amp#27;[90m# hellocucumber.StepDefinitions.openedFull()&amp#27;[0m
  &amp#27;[32mWhen &amp#27;[0m&amp#27;[32mset the power to &amp#27;[0m&amp#27;[32m&amp#27;[1m5&amp#27;[0m     &amp#27;[90m# hellocucumber.StepDefinitions.setPower(java.lang.Integer)&amp#27;[0m
  &amp#27;[32mThen &amp#27;[0m&amp#27;[32mdisplay shows &amp#27;[0m&amp#27;[32m&amp#27;[1m"5"&amp#27;[0m      &amp#27;[90m# hellocucumber.StepDefinitions.displayShows(java.lang.String)&amp#27;[0m
]]></system-out>
  </testcase>
  <testcase name="Example #3" classname="Examples" time="0.004">
    <system-out><![CDATA[
Scenario Outline: Set timer    &amp#27;[90m# hellocucumber/OpenWithNoItem.feature:43&amp#27;[0m
  &amp#27;[32mGiven &amp#27;[0m&amp#27;[32mopened empty microwave&amp#27;[0m &amp#27;[90m# hellocucumber.StepDefinitions.openedEmpty()&amp#27;[0m
  &amp#27;[32mWhen &amp#27;[0m&amp#27;[32mset the timer to &amp#27;[0m&amp#27;[32m&amp#27;[1m5&amp#27;[0m      &amp#27;[90m# hellocucumber.StepDefinitions.setTimer(java.lang.Integer)&amp#27;[0m
  &amp#27;[32mThen &amp#27;[0m&amp#27;[32mdisplay shows &amp#27;[0m&amp#27;[32m&amp#27;[1m"5"&amp#27;[0m       &amp#27;[90m# hellocucumber.StepDefinitions.displayShows(java.lang.String)&amp#27;[0m
]]></system-out>
  </testcase>
  <testcase name="Example #3" classname="Examples" time="0.005">
    <system-out><![CDATA[
Scenario Outline: Set power    &amp#27;[90m# hellocucumber/OpenWithNoItem.feature:54&amp#27;[0m
  &amp#27;[32mGiven &amp#27;[0m&amp#27;[32mopened empty microwave&amp#27;[0m &amp#27;[90m# hellocucumber.StepDefinitions.openedEmpty()&amp#27;[0m
  &amp#27;[32mWhen &amp#27;[0m&amp#27;[32mset the power to &amp#27;[0m&amp#27;[32m&amp#27;[1m5&amp#27;[0m      &amp#27;[90m# hellocucumber.StepDefinitions.setPower(java.lang.Integer)&amp#27;[0m
  &amp#27;[32mThen &amp#27;[0m&amp#27;[32mdisplay shows &amp#27;[0m&amp#27;[32m&amp#27;[1m"5"&amp#27;[0m       &amp#27;[90m# hellocucumber.StepDefinitions.displayShows(java.lang.String)&amp#27;[0m
]]></system-out>
  </testcase>
  <testcase name="Example #3" classname="Examples" time="0.008">
    <system-out><![CDATA[
Scenario Outline: cooking stop if timer finishes &amp#27;[90m# hellocucumber/cooking.feature:78&amp#27;[0m
  &amp#27;[32mGiven &amp#27;[0m&amp#27;[32mclosed full microwave&amp#27;[0m                    &amp#27;[90m# hellocucumber.StepDefinitions.closedFull()&amp#27;[0m
  &amp#27;[32mWhen &amp#27;[0m&amp#27;[32mset the power to &amp#27;[0m&amp#27;[32m&amp#27;[1m10&amp#27;[0m                       &amp#27;[90m# hellocucumber.StepDefinitions.setPower(java.lang.Integer)&amp#27;[0m
  &amp#27;[32mAnd &amp#27;[0m&amp#27;[32mset the timer to &amp#27;[0m&amp#27;[32m&amp#27;[1m15&amp#27;[0m                        &amp#27;[90m# hellocucumber.StepDefinitions.setTimer(java.lang.Integer)&amp#27;[0m
  &amp#27;[32mAnd &amp#27;[0m&amp#27;[32mstart cooking&amp#27;[0m                              &amp#27;[90m# hellocucumber.StepDefinitions.startCooking()&amp#27;[0m
  &amp#27;[32mAnd &amp#27;[0m&amp#27;[32mtimer goes down &amp#27;[0m&amp#27;[32m&amp#27;[1m15&amp#27;[0m&amp#27;[32m seconds&amp#27;[0m                 &amp#27;[90m# hellocucumber.StepDefinitions.timePasses(java.lang.Integer)&amp#27;[0m
  &amp#27;[32mThen &amp#27;[0m&amp#27;[32mmicrowave isnt cooking&amp#27;[0m                    &amp#27;[90m# hellocucumber.StepDefinitions.notCooking()&amp#27;[0m
  &amp#27;[32mAnd &amp#27;[0m&amp#27;[32mlight turns off&amp#27;[0m                            &amp#27;[90m# hellocucumber.StepDefinitions.lightOff()&amp#27;[0m
  &amp#27;[32mAnd &amp#27;[0m&amp#27;[32mturnable not turns&amp#27;[0m                         &amp#27;[90m# hellocucumber.StepDefinitions.turnableNT()&amp#27;[0m
  &amp#27;[32mAnd &amp#27;[0m&amp#27;[32mheating off&amp#27;[0m                                &amp#27;[90m# hellocucumber.StepDefinitions.heatingOff()&amp#27;[0m
  &amp#27;[32mAnd &amp#27;[0m&amp#27;[32mbeeper sounds &amp#27;[0m&amp#27;[32m&amp#27;[1m3&amp#27;[0m&amp#27;[32m times&amp#27;[0m                      &amp#27;[90m# hellocucumber.StepDefinitions.soundTimes(java.lang.Integer)&amp#27;[0m
  &amp#27;[32mAnd &amp#27;[0m&amp#27;[32mdisplay shows &amp#27;[0m&amp#27;[32m&amp#27;[1m"Listo"&amp#27;[0m                      &amp#27;[90m# hellocucumber.StepDefinitions.displayShows(java.lang.String)&amp#27;[0m
]]></system-out>
  </testcase>
  <testcase name="Open a closed microwave" classname="Closed empty microwave" time="0.008">
    <system-out><![CDATA[
Scenario: Open a closed microwave &amp#27;[90m# hellocucumber/ClosedWithNoItem.feature:4&amp#27;[0m
  &amp#27;[32mGiven &amp#27;[0m&amp#27;[32mclosed empty microwave&amp#27;[0m    &amp#27;[90m# hellocucumber.StepDefinitions.closedEmpty()&amp#27;[0m
  &amp#27;[32mWhen &amp#27;[0m&amp#27;[32mopen the door&amp#27;[0m              &amp#27;[90m# hellocucumber.StepDefinitions.openDoor()&amp#27;[0m
  &amp#27;[32mThen &amp#27;[0m&amp#27;[32mdoor opens&amp#27;[0m                 &amp#27;[90m# hellocucumber.StepDefinitions.doorOpens()&amp#27;[0m
  &amp#27;[32mAnd &amp#27;[0m&amp#27;[32mlight turns on&amp#27;[0m              &amp#27;[90m# hellocucumber.StepDefinitions.lightOn()&amp#27;[0m
  &amp#27;[32mAnd &amp#27;[0m&amp#27;[32mheating off&amp#27;[0m                 &amp#27;[90m# hellocucumber.StepDefinitions.heatingOff()&amp#27;[0m
  &amp#27;[32mAnd &amp#27;[0m&amp#27;[32mturnable not turns&amp#27;[0m          &amp#27;[90m# hellocucumber.StepDefinitions.turnableNT()&amp#27;[0m
]]></system-out>
  </testcase>
  <testcase name="Reset power" classname="Closed empty microwave" time="0.006">
    <system-out><![CDATA[
Scenario: Reset power          &amp#27;[90m# hellocucumber/ClosedWithNoItem.feature:12&amp#27;[0m
  &amp#27;[32mGiven &amp#27;[0m&amp#27;[32mclosed empty microwave&amp#27;[0m &amp#27;[90m# hellocucumber.StepDefinitions.closedEmpty()&amp#27;[0m
  &amp#27;[32mWhen &amp#27;[0m&amp#27;[32mreset power&amp#27;[0m             &amp#27;[90m# hellocucumber.StepDefinitions.resetPower()&amp#27;[0m
  &amp#27;[32mThen &amp#27;[0m&amp#27;[32mpower is zero&amp#27;[0m           &amp#27;[90m# hellocucumber.StepDefinitions.powerZero()&amp#27;[0m
]]></system-out>
  </testcase>
  <testcase name="Reset timer" classname="Closed empty microwave" time="0.005">
    <system-out><![CDATA[
Scenario: Reset timer          &amp#27;[90m# hellocucumber/ClosedWithNoItem.feature:17&amp#27;[0m
  &amp#27;[32mGiven &amp#27;[0m&amp#27;[32mclosed empty microwave&amp#27;[0m &amp#27;[90m# hellocucumber.StepDefinitions.closedEmpty()&amp#27;[0m
  &amp#27;[32mWhen &amp#27;[0m&amp#27;[32mreset timer&amp#27;[0m             &amp#27;[90m# hellocucumber.StepDefinitions.resetTimer()&amp#27;[0m
  &amp#27;[32mThen &amp#27;[0m&amp#27;[32mtimer is zero&amp#27;[0m           &amp#27;[90m# hellocucumber.StepDefinitions.timerZero()&amp#27;[0m
]]></system-out>
  </testcase>
  <testcase name="Try to cook" classname="Closed empty microwave" time="0.014">
    <system-out><![CDATA[
Scenario: Try to cook                 &amp#27;[90m# hellocucumber/ClosedWithNoItem.feature:22&amp#27;[0m
  &amp#27;[32mGiven &amp#27;[0m&amp#27;[32mclosed empty microwave&amp#27;[0m        &amp#27;[90m# hellocucumber.StepDefinitions.closedEmpty()&amp#27;[0m
  &amp#27;[32mWhen &amp#27;[0m&amp#27;[32mset the power to &amp#27;[0m&amp#27;[32m&amp#27;[1m5&amp#27;[0m             &amp#27;[90m# hellocucumber.StepDefinitions.setPower(java.lang.Integer)&amp#27;[0m
  &amp#27;[32mAnd &amp#27;[0m&amp#27;[32mset the timer to &amp#27;[0m&amp#27;[32m&amp#27;[1m5&amp#27;[0m              &amp#27;[90m# hellocucumber.StepDefinitions.setTimer(java.lang.Integer)&amp#27;[0m
  &amp#27;[32mAnd &amp#27;[0m&amp#27;[32mstart cooking&amp#27;[0m                   &amp#27;[90m# hellocucumber.StepDefinitions.startCooking()&amp#27;[0m
  &amp#27;[32mThen &amp#27;[0m&amp#27;[32mmicrowave doesnt start cooking&amp#27;[0m &amp#27;[90m# hellocucumber.StepDefinitions.notStartCooking()&amp#27;[0m
]]></system-out>
  </testcase>
  <testcase name="Remove food from the microwave" classname="Opened full microwave" time="0.004">
    <system-out><![CDATA[
Scenario: Remove food from the microwave &amp#27;[90m# hellocucumber/OpenWithItem.feature:4&amp#27;[0m
  &amp#27;[32mGiven &amp#27;[0m&amp#27;[32mopened full microwave&amp#27;[0m            &amp#27;[90m# hellocucumber.StepDefinitions.openedFull()&amp#27;[0m
  &amp#27;[32mWhen &amp#27;[0m&amp#27;[32mremove food&amp#27;[0m                       &amp#27;[90m# hellocucumber.StepDefinitions.removeFood()&amp#27;[0m
  &amp#27;[32mThen &amp#27;[0m&amp#27;[32mmicrowave is empty&amp#27;[0m                &amp#27;[90m# hellocucumber.StepDefinitions.isEmpty()&amp#27;[0m
]]></system-out>
  </testcase>
  <testcase name="Close an opened microwave" classname="Opened full microwave" time="0.006">
    <system-out><![CDATA[
Scenario: Close an opened microwave &amp#27;[90m# hellocucumber/OpenWithItem.feature:9&amp#27;[0m
  &amp#27;[32mGiven &amp#27;[0m&amp#27;[32mopened full microwave&amp#27;[0m       &amp#27;[90m# hellocucumber.StepDefinitions.openedFull()&amp#27;[0m
  &amp#27;[32mWhen &amp#27;[0m&amp#27;[32mclose the door&amp#27;[0m               &amp#27;[90m# hellocucumber.StepDefinitions.closeDoor()&amp#27;[0m
  &amp#27;[32mThen &amp#27;[0m&amp#27;[32mdoor closes&amp#27;[0m                  &amp#27;[90m# hellocucumber.StepDefinitions.doorCloses()&amp#27;[0m
  &amp#27;[32mAnd &amp#27;[0m&amp#27;[32mlight turns off&amp#27;[0m               &amp#27;[90m# hellocucumber.StepDefinitions.lightOff()&amp#27;[0m
  &amp#27;[32mAnd &amp#27;[0m&amp#27;[32mheating off&amp#27;[0m                   &amp#27;[90m# hellocucumber.StepDefinitions.heatingOff()&amp#27;[0m
  &amp#27;[32mAnd &amp#27;[0m&amp#27;[32mturnable not turns&amp#27;[0m            &amp#27;[90m# hellocucumber.StepDefinitions.turnableNT()&amp#27;[0m
]]></system-out>
  </testcase>
  <testcase name="Reset power" classname="Opened full microwave" time="0.005">
    <system-out><![CDATA[
Scenario: Reset power         &amp#27;[90m# hellocucumber/OpenWithItem.feature:17&amp#27;[0m
  &amp#27;[32mGiven &amp#27;[0m&amp#27;[32mopened full microwave&amp#27;[0m &amp#27;[90m# hellocucumber.StepDefinitions.openedFull()&amp#27;[0m
  &amp#27;[32mWhen &amp#27;[0m&amp#27;[32mreset power&amp#27;[0m            &amp#27;[90m# hellocucumber.StepDefinitions.resetPower()&amp#27;[0m
  &amp#27;[32mThen &amp#27;[0m&amp#27;[32mpower is zero&amp#27;[0m          &amp#27;[90m# hellocucumber.StepDefinitions.powerZero()&amp#27;[0m
]]></system-out>
  </testcase>
  <testcase name="Reset timer" classname="Opened full microwave" time="0.005">
    <system-out><![CDATA[
Scenario: Reset timer         &amp#27;[90m# hellocucumber/OpenWithItem.feature:22&amp#27;[0m
  &amp#27;[32mGiven &amp#27;[0m&amp#27;[32mopened full microwave&amp#27;[0m &amp#27;[90m# hellocucumber.StepDefinitions.openedFull()&amp#27;[0m
  &amp#27;[32mWhen &amp#27;[0m&amp#27;[32mreset timer&amp#27;[0m            &amp#27;[90m# hellocucumber.StepDefinitions.resetTimer()&amp#27;[0m
  &amp#27;[32mThen &amp#27;[0m&amp#27;[32mtimer is zero&amp#27;[0m          &amp#27;[90m# hellocucumber.StepDefinitions.timerZero()&amp#27;[0m
]]></system-out>
  </testcase>
  <testcase name="Try to cook" classname="Opened full microwave" time="0.005">
    <system-out><![CDATA[
Scenario: Try to cook                 &amp#27;[90m# hellocucumber/OpenWithItem.feature:27&amp#27;[0m
  &amp#27;[32mGiven &amp#27;[0m&amp#27;[32mopened full microwave&amp#27;[0m         &amp#27;[90m# hellocucumber.StepDefinitions.openedFull()&amp#27;[0m
  &amp#27;[32mWhen &amp#27;[0m&amp#27;[32mset the power to &amp#27;[0m&amp#27;[32m&amp#27;[1m5&amp#27;[0m             &amp#27;[90m# hellocucumber.StepDefinitions.setPower(java.lang.Integer)&amp#27;[0m
  &amp#27;[32mAnd &amp#27;[0m&amp#27;[32mset the timer to &amp#27;[0m&amp#27;[32m&amp#27;[1m5&amp#27;[0m              &amp#27;[90m# hellocucumber.StepDefinitions.setTimer(java.lang.Integer)&amp#27;[0m
  &amp#27;[32mAnd &amp#27;[0m&amp#27;[32mstart cooking&amp#27;[0m                   &amp#27;[90m# hellocucumber.StepDefinitions.startCooking()&amp#27;[0m
  &amp#27;[32mThen &amp#27;[0m&amp#27;[32mmicrowave doesnt start cooking&amp#27;[0m &amp#27;[90m# hellocucumber.StepDefinitions.notStartCooking()&amp#27;[0m
]]></system-out>
  </testcase>
  <testcase name="Place food in the microwave" classname="Opened empty microwave" time="0.003">
    <system-out><![CDATA[
Scenario: Place food in the microwave &amp#27;[90m# hellocucumber/OpenWithNoItem.feature:4&amp#27;[0m
  &amp#27;[32mGiven &amp#27;[0m&amp#27;[32mopened empty microwave&amp#27;[0m        &amp#27;[90m# hellocucumber.StepDefinitions.openedEmpty()&amp#27;[0m
  &amp#27;[32mWhen &amp#27;[0m&amp#27;[32mplace food&amp#27;[0m                     &amp#27;[90m# hellocucumber.StepDefinitions.placeFood()&amp#27;[0m
  &amp#27;[32mThen &amp#27;[0m&amp#27;[32mmicrowave is full&amp#27;[0m              &amp#27;[90m# hellocucumber.StepDefinitions.isFull()&amp#27;[0m
]]></system-out>
  </testcase>
  <testcase name="Close an opened microwave" classname="Opened empty microwave" time="0.004">
    <system-out><![CDATA[
Scenario: Close an opened microwave &amp#27;[90m# hellocucumber/OpenWithNoItem.feature:9&amp#27;[0m
  &amp#27;[32mGiven &amp#27;[0m&amp#27;[32mopened empty microwave&amp#27;[0m      &amp#27;[90m# hellocucumber.StepDefinitions.openedEmpty()&amp#27;[0m
  &amp#27;[32mWhen &amp#27;[0m&amp#27;[32mclose the door&amp#27;[0m               &amp#27;[90m# hellocucumber.StepDefinitions.closeDoor()&amp#27;[0m
  &amp#27;[32mThen &amp#27;[0m&amp#27;[32mdoor closes&amp#27;[0m                  &amp#27;[90m# hellocucumber.StepDefinitions.doorCloses()&amp#27;[0m
  &amp#27;[32mAnd &amp#27;[0m&amp#27;[32mlight turns off&amp#27;[0m               &amp#27;[90m# hellocucumber.StepDefinitions.lightOff()&amp#27;[0m
  &amp#27;[32mAnd &amp#27;[0m&amp#27;[32mheating off&amp#27;[0m                   &amp#27;[90m# hellocucumber.StepDefinitions.heatingOff()&amp#27;[0m
  &amp#27;[32mAnd &amp#27;[0m&amp#27;[32mturnable not turns&amp#27;[0m            &amp#27;[90m# hellocucumber.StepDefinitions.turnableNT()&amp#27;[0m
]]></system-out>
  </testcase>
  <testcase name="Reset power" classname="Opened empty microwave" time="0.003">
    <system-out><![CDATA[
Scenario: Reset power          &amp#27;[90m# hellocucumber/OpenWithNoItem.feature:17&amp#27;[0m
  &amp#27;[32mGiven &amp#27;[0m&amp#27;[32mopened empty microwave&amp#27;[0m &amp#27;[90m# hellocucumber.StepDefinitions.openedEmpty()&amp#27;[0m
  &amp#27;[32mWhen &amp#27;[0m&amp#27;[32mreset power&amp#27;[0m             &amp#27;[90m# hellocucumber.StepDefinitions.resetPower()&amp#27;[0m
  &amp#27;[32mThen &amp#27;[0m&amp#27;[32mpower is zero&amp#27;[0m           &amp#27;[90m# hellocucumber.StepDefinitions.powerZero()&amp#27;[0m
]]></system-out>
  </testcase>
  <testcase name="Reset timer" classname="Opened empty microwave" time="0.005">
    <system-out><![CDATA[
Scenario: Reset timer          &amp#27;[90m# hellocucumber/OpenWithNoItem.feature:22&amp#27;[0m
  &amp#27;[32mGiven &amp#27;[0m&amp#27;[32mopened empty microwave&amp#27;[0m &amp#27;[90m# hellocucumber.StepDefinitions.openedEmpty()&amp#27;[0m
  &amp#27;[32mWhen &amp#27;[0m&amp#27;[32mreset timer&amp#27;[0m             &amp#27;[90m# hellocucumber.StepDefinitions.resetTimer()&amp#27;[0m
  &amp#27;[32mThen &amp#27;[0m&amp#27;[32mtimer is zero&amp#27;[0m           &amp#27;[90m# hellocucumber.StepDefinitions.timerZero()&amp#27;[0m
]]></system-out>
  </testcase>
  <testcase name="Try to cook" classname="Opened empty microwave" time="0.005">
    <system-out><![CDATA[
Scenario: Try to cook                 &amp#27;[90m# hellocucumber/OpenWithNoItem.feature:27&amp#27;[0m
  &amp#27;[32mGiven &amp#27;[0m&amp#27;[32mopened empty microwave&amp#27;[0m        &amp#27;[90m# hellocucumber.StepDefinitions.openedEmpty()&amp#27;[0m
  &amp#27;[32mWhen &amp#27;[0m&amp#27;[32mset the power to &amp#27;[0m&amp#27;[32m&amp#27;[1m5&amp#27;[0m             &amp#27;[90m# hellocucumber.StepDefinitions.setPower(java.lang.Integer)&amp#27;[0m
  &amp#27;[32mAnd &amp#27;[0m&amp#27;[32mset the timer to &amp#27;[0m&amp#27;[32m&amp#27;[1m5&amp#27;[0m              &amp#27;[90m# hellocucumber.StepDefinitions.setTimer(java.lang.Integer)&amp#27;[0m
  &amp#27;[32mAnd &amp#27;[0m&amp#27;[32mstart cooking&amp#27;[0m                   &amp#27;[90m# hellocucumber.StepDefinitions.startCooking()&amp#27;[0m
  &amp#27;[32mThen &amp#27;[0m&amp#27;[32mmicrowave doesnt start cooking&amp#27;[0m &amp#27;[90m# hellocucumber.StepDefinitions.notStartCooking()&amp#27;[0m
]]></system-out>
  </testcase>
  <testcase name="start cooking" classname="microwave cooking" time="0.007">
    <system-out><![CDATA[
Scenario: start cooking         &amp#27;[90m# hellocucumber/cooking.feature:3&amp#27;[0m
  &amp#27;[32mGiven &amp#27;[0m&amp#27;[32mclosed full microwave&amp#27;[0m   &amp#27;[90m# hellocucumber.StepDefinitions.closedFull()&amp#27;[0m
  &amp#27;[32mWhen &amp#27;[0m&amp#27;[32mset the power to &amp#27;[0m&amp#27;[32m&amp#27;[1m5&amp#27;[0m       &amp#27;[90m# hellocucumber.StepDefinitions.setPower(java.lang.Integer)&amp#27;[0m
  &amp#27;[32mAnd &amp#27;[0m&amp#27;[32mset the timer to &amp#27;[0m&amp#27;[32m&amp#27;[1m5&amp#27;[0m        &amp#27;[90m# hellocucumber.StepDefinitions.setTimer(java.lang.Integer)&amp#27;[0m
  &amp#27;[32mAnd &amp#27;[0m&amp#27;[32mstart cooking&amp#27;[0m             &amp#27;[90m# hellocucumber.StepDefinitions.startCooking()&amp#27;[0m
  &amp#27;[32mThen &amp#27;[0m&amp#27;[32mmicrowave starts cooking&amp#27;[0m &amp#27;[90m# hellocucumber.StepDefinitions.StartCooking()&amp#27;[0m
  &amp#27;[32mAnd &amp#27;[0m&amp#27;[32mlight turns on&amp#27;[0m            &amp#27;[90m# hellocucumber.StepDefinitions.lightOn()&amp#27;[0m
  &amp#27;[32mAnd &amp#27;[0m&amp#27;[32mheating on&amp#27;[0m                &amp#27;[90m# hellocucumber.StepDefinitions.heatingOn()&amp#27;[0m
  &amp#27;[32mAnd &amp#27;[0m&amp#27;[32mturnable turns&amp#27;[0m            &amp#27;[90m# hellocucumber.StepDefinitions.turnableT()&amp#27;[0m
]]></system-out>
  </testcase>
  <testcase name="increase power" classname="microwave cooking" time="0.003">
    <system-out><![CDATA[
Scenario: increase power                          &amp#27;[90m# hellocucumber/cooking.feature:13&amp#27;[0m
  &amp#27;[32mGiven &amp#27;[0m&amp#27;[32mcooking microwave with &amp#27;[0m&amp#27;[32m&amp#27;[1m5&amp#27;[0m&amp#27;[32m power and &amp#27;[0m&amp#27;[32m&amp#27;[1m5&amp#27;[0m&amp#27;[32m time&amp#27;[0m &amp#27;[90m# hellocucumber.StepDefinitions.cooking(java.lang.Integer,java.lang.Integer)&amp#27;[0m
  &amp#27;[32mWhen &amp#27;[0m&amp#27;[32mincrease power&amp#27;[0m                             &amp#27;[90m# hellocucumber.StepDefinitions.incPower()&amp#27;[0m
  &amp#27;[32mThen &amp#27;[0m&amp#27;[32mdisplay shows &amp#27;[0m&amp#27;[32m&amp#27;[1m"6"&amp#27;[0m                          &amp#27;[90m# hellocucumber.StepDefinitions.displayShows(java.lang.String)&amp#27;[0m
]]></system-out>
  </testcase>
  <testcase name="decrease power" classname="microwave cooking" time="0.004">
    <system-out><![CDATA[
Scenario: decrease power                          &amp#27;[90m# hellocucumber/cooking.feature:18&amp#27;[0m
  &amp#27;[32mGiven &amp#27;[0m&amp#27;[32mcooking microwave with &amp#27;[0m&amp#27;[32m&amp#27;[1m5&amp#27;[0m&amp#27;[32m power and &amp#27;[0m&amp#27;[32m&amp#27;[1m5&amp#27;[0m&amp#27;[32m time&amp#27;[0m &amp#27;[90m# hellocucumber.StepDefinitions.cooking(java.lang.Integer,java.lang.Integer)&amp#27;[0m
  &amp#27;[32mWhen &amp#27;[0m&amp#27;[32mdecrease power&amp#27;[0m                             &amp#27;[90m# hellocucumber.StepDefinitions.decPower()&amp#27;[0m
  &amp#27;[32mThen &amp#27;[0m&amp#27;[32mdisplay shows &amp#27;[0m&amp#27;[32m&amp#27;[1m"4"&amp#27;[0m                          &amp#27;[90m# hellocucumber.StepDefinitions.displayShows(java.lang.String)&amp#27;[0m
]]></system-out>
  </testcase>
  <testcase name="increase timer" classname="microwave cooking" time="0.003">
    <system-out><![CDATA[
Scenario: increase timer                          &amp#27;[90m# hellocucumber/cooking.feature:23&amp#27;[0m
  &amp#27;[32mGiven &amp#27;[0m&amp#27;[32mcooking microwave with &amp#27;[0m&amp#27;[32m&amp#27;[1m5&amp#27;[0m&amp#27;[32m power and &amp#27;[0m&amp#27;[32m&amp#27;[1m5&amp#27;[0m&amp#27;[32m time&amp#27;[0m &amp#27;[90m# hellocucumber.StepDefinitions.cooking(java.lang.Integer,java.lang.Integer)&amp#27;[0m
  &amp#27;[32mWhen &amp#27;[0m&amp#27;[32mincrease timer&amp#27;[0m                             &amp#27;[90m# hellocucumber.StepDefinitions.incTimer()&amp#27;[0m
  &amp#27;[32mThen &amp#27;[0m&amp#27;[32mdisplay shows &amp#27;[0m&amp#27;[32m&amp#27;[1m"6"&amp#27;[0m                          &amp#27;[90m# hellocucumber.StepDefinitions.displayShows(java.lang.String)&amp#27;[0m
]]></system-out>
  </testcase>
  <testcase name="decrease timer" classname="microwave cooking" time="0.003">
    <system-out><![CDATA[
Scenario: decrease timer                          &amp#27;[90m# hellocucumber/cooking.feature:28&amp#27;[0m
  &amp#27;[32mGiven &amp#27;[0m&amp#27;[32mcooking microwave with &amp#27;[0m&amp#27;[32m&amp#27;[1m5&amp#27;[0m&amp#27;[32m power and &amp#27;[0m&amp#27;[32m&amp#27;[1m5&amp#27;[0m&amp#27;[32m time&amp#27;[0m &amp#27;[90m# hellocucumber.StepDefinitions.cooking(java.lang.Integer,java.lang.Integer)&amp#27;[0m
  &amp#27;[32mWhen &amp#27;[0m&amp#27;[32mdecrease timer&amp#27;[0m                             &amp#27;[90m# hellocucumber.StepDefinitions.decTimer()&amp#27;[0m
  &amp#27;[32mThen &amp#27;[0m&amp#27;[32mdisplay shows &amp#27;[0m&amp#27;[32m&amp#27;[1m"4"&amp#27;[0m                          &amp#27;[90m# hellocucumber.StepDefinitions.displayShows(java.lang.String)&amp#27;[0m
]]></system-out>
  </testcase>
  <testcase name="stop cooking after resetting the power" classname="microwave cooking" time="0.005">
    <system-out><![CDATA[
Scenario: stop cooking after resetting the power  &amp#27;[90m# hellocucumber/cooking.feature:33&amp#27;[0m
  &amp#27;[32mGiven &amp#27;[0m&amp#27;[32mcooking microwave with &amp#27;[0m&amp#27;[32m&amp#27;[1m5&amp#27;[0m&amp#27;[32m power and &amp#27;[0m&amp#27;[32m&amp#27;[1m5&amp#27;[0m&amp#27;[32m time&amp#27;[0m &amp#27;[90m# hellocucumber.StepDefinitions.cooking(java.lang.Integer,java.lang.Integer)&amp#27;[0m
  &amp#27;[32mWhen &amp#27;[0m&amp#27;[32mreset power&amp#27;[0m                                &amp#27;[90m# hellocucumber.StepDefinitions.resetPower()&amp#27;[0m
  &amp#27;[32mThen &amp#27;[0m&amp#27;[32mmicrowave isnt cooking&amp#27;[0m                     &amp#27;[90m# hellocucumber.StepDefinitions.notCooking()&amp#27;[0m
  &amp#27;[32mAnd &amp#27;[0m&amp#27;[32mheating off&amp#27;[0m                                 &amp#27;[90m# hellocucumber.StepDefinitions.heatingOff()&amp#27;[0m
  &amp#27;[32mAnd &amp#27;[0m&amp#27;[32mlight turns off&amp#27;[0m                             &amp#27;[90m# hellocucumber.StepDefinitions.lightOff()&amp#27;[0m
  &amp#27;[32mAnd &amp#27;[0m&amp#27;[32mturnable not turns&amp#27;[0m                          &amp#27;[90m# hellocucumber.StepDefinitions.turnableNT()&amp#27;[0m
  &amp#27;[32mAnd &amp#27;[0m&amp#27;[32mdisplay shows &amp#27;[0m&amp#27;[32m&amp#27;[1m"0"&amp#27;[0m                           &amp#27;[90m# hellocucumber.StepDefinitions.displayShows(java.lang.String)&amp#27;[0m
]]></system-out>
  </testcase>
  <testcase name="stop cooking after resetting the timer" classname="microwave cooking" time="0.005">
    <system-out><![CDATA[
Scenario: stop cooking after resetting the timer  &amp#27;[90m# hellocucumber/cooking.feature:43&amp#27;[0m
  &amp#27;[32mGiven &amp#27;[0m&amp#27;[32mcooking microwave with &amp#27;[0m&amp#27;[32m&amp#27;[1m5&amp#27;[0m&amp#27;[32m power and &amp#27;[0m&amp#27;[32m&amp#27;[1m5&amp#27;[0m&amp#27;[32m time&amp#27;[0m &amp#27;[90m# hellocucumber.StepDefinitions.cooking(java.lang.Integer,java.lang.Integer)&amp#27;[0m
  &amp#27;[32mWhen &amp#27;[0m&amp#27;[32mreset timer&amp#27;[0m                                &amp#27;[90m# hellocucumber.StepDefinitions.resetTimer()&amp#27;[0m
  &amp#27;[32mThen &amp#27;[0m&amp#27;[32mmicrowave isnt cooking&amp#27;[0m                     &amp#27;[90m# hellocucumber.StepDefinitions.notCooking()&amp#27;[0m
  &amp#27;[32mAnd &amp#27;[0m&amp#27;[32mheating off&amp#27;[0m                                 &amp#27;[90m# hellocucumber.StepDefinitions.heatingOff()&amp#27;[0m
  &amp#27;[32mAnd &amp#27;[0m&amp#27;[32mlight turns off&amp#27;[0m                             &amp#27;[90m# hellocucumber.StepDefinitions.lightOff()&amp#27;[0m
  &amp#27;[32mAnd &amp#27;[0m&amp#27;[32mturnable not turns&amp#27;[0m                          &amp#27;[90m# hellocucumber.StepDefinitions.turnableNT()&amp#27;[0m
  &amp#27;[32mAnd &amp#27;[0m&amp#27;[32mdisplay shows &amp#27;[0m&amp#27;[32m&amp#27;[1m"0"&amp#27;[0m                           &amp#27;[90m# hellocucumber.StepDefinitions.displayShows(java.lang.String)&amp#27;[0m
]]></system-out>
  </testcase>
  <testcase name="stop cooking if the door is opened" classname="microwave cooking" time="0.005">
    <system-out><![CDATA[
Scenario: stop cooking if the door is opened      &amp#27;[90m# hellocucumber/cooking.feature:52&amp#27;[0m
  &amp#27;[32mGiven &amp#27;[0m&amp#27;[32mcooking microwave with &amp#27;[0m&amp#27;[32m&amp#27;[1m5&amp#27;[0m&amp#27;[32m power and &amp#27;[0m&amp#27;[32m&amp#27;[1m5&amp#27;[0m&amp#27;[32m time&amp#27;[0m &amp#27;[90m# hellocucumber.StepDefinitions.cooking(java.lang.Integer,java.lang.Integer)&amp#27;[0m
  &amp#27;[32mWhen &amp#27;[0m&amp#27;[32mopen the door&amp#27;[0m                              &amp#27;[90m# hellocucumber.StepDefinitions.openDoor()&amp#27;[0m
  &amp#27;[32mThen &amp#27;[0m&amp#27;[32mdoor opens&amp#27;[0m                                 &amp#27;[90m# hellocucumber.StepDefinitions.doorOpens()&amp#27;[0m
  &amp#27;[32mAnd &amp#27;[0m&amp#27;[32mmicrowave isnt cooking&amp#27;[0m                      &amp#27;[90m# hellocucumber.StepDefinitions.notCooking()&amp#27;[0m
  &amp#27;[32mAnd &amp#27;[0m&amp#27;[32mheating off&amp#27;[0m                                 &amp#27;[90m# hellocucumber.StepDefinitions.heatingOff()&amp#27;[0m
  &amp#27;[32mAnd &amp#27;[0m&amp#27;[32mlight turns on&amp#27;[0m                              &amp#27;[90m# hellocucumber.StepDefinitions.lightOn()&amp#27;[0m
  &amp#27;[32mAnd &amp#27;[0m&amp#27;[32mturnable not turns&amp#27;[0m                          &amp#27;[90m# hellocucumber.StepDefinitions.turnableNT()&amp#27;[0m
]]></system-out>
  </testcase>
</testsuite>