<?xml version="1.0" encoding="UTF-8"?>
<testsuite xmlns:xsi="http://www.w3.org/2001/XMLSchema-instance" xsi:noNamespaceSchemaLocation="https://maven.apache.org/surefire/maven-surefire-plugin/xsd/surefire-test-report-3.0.xsd" version="3.0" name="microwave.Test_Microwave" time="0.101" tests="12" errors="0" skipped="0" failures="0">
  <properties>
[...]
</properties>
  <testcase name="heatingTest" classname="microwave.Test_Microwave" time="0.042"/>
  <testcase name="testOpenWithItem" classname="microwave.Test_Microwave" time="0.002"/>
  <testcase name="lampTest" classname="microwave.Test_Microwave" time="0.001"/>
  <testcase name="testPower" classname="microwave.Test_Microwave" time="0.001"/>
  <testcase name="testTimer" classname="microwave.Test_Microwave" time="0"/>
  <testcase name="testOpenWithNoItem" classname="microwave.Test_Microwave" time="0.004"/>
  <testcase name="testClosedWithItem" classname="microwave.Test_Microwave" time="0.005"/>
  <testcase name="testClosedWithNoItem" classname="microwave.Test_Microwave" time="0.005"/>
  <testcase name="testCooking" classname="microwave.Test_Microwave" time="0.001"/>
  <testcase name="testBeeper" classname="microwave.Test_Microwave" time="0.001"/>
  <testcase name="testDisplay" classname="microwave.Test_Microwave" time="0"/>
  <testcase name="turnableTest" classname="microwave.Test_Microwave" time="0"/>
</testsuite>